<?xml version="1.0" encoding="UTF-8" ?>
<testsuite errors="0" failures="0" hostname="localhost" name="PalabrasMasUsadasTest" tests="19" time="0.054" timestamp="2014-09-10T14:27:49">
  <properties>
    <property name="libs.jsp-compiler.javadoc" value="" />
    <property name="netbeans.autoupdate.country" value="US" />
    <property name="nb.wait.for.caches" value="true" />
    <property name="javac.test.classpath" value=":build/classes:/home/franko/.netbeans/7.3.1/modules/ext/junit-4.10.jar" />
    <property name="libs.jsf20.maven-pom" value="" />
    <property name="libs.junit.javadoc" value="/home/franko/.netbeans/7.3.1/docs/junit-3.8.2-api.zip" />
    <property name="ant.core.lib" value="/home/franko/netbeans-7.3.1/java/ant/lib/ant.jar" />
    <property name="javadoc.windowtitle" value="" />
    <property name="libs.jsp-compilation.javadoc" value="" />
    <property name="user.dir" value="/home/franko/NetBeansProjects/procesadorPalabras" />
    <property name="libs.javaee-api-7.0.src" value="" />
    <property name="libs.hibernate-persistence.javadoc" value="" />
    <property name="java.vm.version" value="25.20-b23" />
    <property name="libs.jstl11.maven-pom" value="" />
    <property name="libs.MySQLDriver.classpath" value="/home/franko/netbeans-7.3.1/ide/modules/ext/mysql-connector-java-5.1.23-bin.jar" />
    <property name="libs.eclipselinkmodelgen.src" value="" />
    <property name="libs.jstl11.src" value="" />
    <property name="javadoc.notree" value="false" />
    <property name="netbeans.autoupdate.version" value="1.23" />
    <property name="libs.javaee-web-api-6.0.classpath" value="/home/franko/netbeans-7.3.1/enterprise/modules/ext/javaee-web-api-6.0.jar" />
    <property name="libs.hibernate-support.maven-pom" value="" />
    <property name="libs.hibernate-support.javadoc" value="" />
    <property name="jdk.home" value="/usr/lib/jvm/java-7-oracle" />
    <property name="libs.javac-api.src" value="" />
    <property name="javadoc.noindex" value="false" />
    <property name="sun.os.patch.level" value="unknown" />
    <property name="do.archive+manifest.available" value="true" />
    <property name="java.vm.specification.name" value="Java Virtual Machine Specification" />
    <property name="nb.show.statistics.ui" value="usageStatisticsEnabled" />
    <property name="netbeans.autoupdate.variant" value="" />
    <property name="platforms.JDK_1.7.home" value="/usr/lib/jvm/java-7-oracle" />
    <property name="have.tests" value="true" />
    <property name="org.xml.sax.driver" value="com.sun.org.apache.xerces.internal.jaxp.SAXParserImpl$JAXPSAXParser" />
    <property name="libs.javac-api.javadoc" value="" />
    <property name="os.name" value="Linux" />
    <property name="libs.beans-binding.classpath" value="/home/franko/netbeans-7.3.1/java/modules/ext/beansbinding-1.2.1.jar" />
    <property name="libs.javaee-endorsed-api-7.0.maven-pom" value="" />
    <property name="ap.proc.none.internal" value="" />
    <property name="libs.restapi.javadoc" value="/home/franko/netbeans-7.3.1/enterprise/docs/jsr311-api-1.1.1-javadoc.zip" />
    <property name="libs.JWSAntTasks.maven-pom" value="" />
    <property name="libs.testng.src" value="" />
    <property name="libs.spring-webmvc3.0.src" value="" />
    <property name="libs.restapi.classpath" value="/home/franko/netbeans-7.3.1/enterprise/modules/ext/rest/jsr311-api-1.1.1.jar" />
    <property name="java.vendor.url.bug" value="http://bugreport.sun.com/bugreport/" />
    <property name="libs.jaxb.maven-pom" value="" />
    <property name="os.arch" value="amd64" />
    <property name="libs.eclipselink.src" value="" />
    <property name="user.name" value="franko" />
    <property name="libs.jsf12.javadoc" value="/home/franko/netbeans-7.3.1/enterprise/docs/javaee-doc-api.jar" />
    <property name="copylibs.rebase" value="true" />
    <property name="libs.spring-webmvc3.0.maven-pom" value="" />
    <property name="ant.file.procesadorPalabras" value="/home/franko/NetBeansProjects/procesadorPalabras/build.xml" />
    <property name="libs.swing-layout.maven-pom" value="" />
    <property name="sun.java.command" value="org.apache.tools.ant.taskdefs.optional.junit.JUnitTestRunner PalabrasMasUsadasTest filtertrace=true haltOnError=false haltOnFailure=false showoutput=true outputtoformatters=true logfailedtests=true logtestlistenerevents=true formatter=org.apache.tools.ant.taskdefs.optional.junit.BriefJUnitResultFormatter formatter=org.apache.tools.ant.taskdefs.optional.junit.XMLJUnitResultFormatter,/home/franko/NetBeansProjects/procesadorPalabras/build/test/results/TEST-PalabrasMasUsadasTest.xml crashfile=/home/franko/NetBeansProjects/procesadorPalabras/build/junitvmwatcher1497858271850519409.properties propsfile=/home/franko/NetBeansProjects/procesadorPalabras/build/junit9041016621489617990.properties" />
    <property name="build.classes.dir" value="build/classes" />
    <property name="netbeans.accept_license_class" value="org.netbeans.license.AcceptLicense" />
    <property name="build.sysclasspath" value="ignore" />
    <property name="ap.supported.internal" value="true" />
    <property name="libs.javaee-endorsed-api-7.0.javadoc" value="/home/franko/netbeans-7.3.1/enterprise/docs/javaee-doc-api.jar" />
    <property name="libs.jaxws21.javadoc" value="/home/franko/netbeans-7.3.1/java/docs/jaxws-api-doc.zip" />
    <property name="includes" value="**" />
    <property name="user.country" value="US" />
    <property name="manifest.file" value="manifest.mf" />
    <property name="libs.jstl11.javadoc" value="/home/franko/netbeans-7.3.1/enterprise/docs/javaee-doc-api.jar" />
    <property name="javadoc.encoding" value="UTF-8" />
    <property name="platform.home" value="/usr/lib/jvm/java-8-oracle" />
    <property name="javac.classpath" value="" />
    <property name="libs.jsp-compilation-syscp.src" value="" />
    <property name="platform.bootcp" value="/usr/lib/jvm/java-8-oracle/jre/lib/resources.jar:/usr/lib/jvm/java-8-oracle/jre/lib/rt.jar:/usr/lib/jvm/java-8-oracle/jre/lib/sunrsasign.jar:/usr/lib/jvm/java-8-oracle/jre/lib/jsse.jar:/usr/lib/jvm/java-8-oracle/jre/lib/jce.jar:/usr/lib/jvm/java-8-oracle/jre/lib/charsets.jar:/usr/lib/jvm/java-8-oracle/jre/lib/jfr.jar:/usr/lib/jvm/java-8-oracle/jre/classes:/usr/lib/jvm/java-8-oracle/jre/lib/ext/zipfs.jar:/usr/lib/jvm/java-8-oracle/jre/lib/ext/sunpkcs11.jar:/usr/lib/jvm/java-8-oracle/jre/lib/ext/localedata.jar:/usr/lib/jvm/java-8-oracle/jre/lib/ext/sunec.jar:/usr/lib/jvm/java-8-oracle/jre/lib/ext/cldrdata.jar:/usr/lib/jvm/java-8-oracle/jre/lib/ext/nashorn.jar:/usr/lib/jvm/java-8-oracle/jre/lib/ext/sunjce_provider.jar:/usr/lib/jvm/java-8-oracle/jre/lib/ext/dnsns.jar:/usr/lib/jvm/java-8-oracle/jre/lib/ext/jfxrt.jar" />
    <property name="debug-transport" value="dt_socket" />
    <property name="netbeans.home" value="/home/franko/netbeans-7.3.1/platform" />
    <property name="build.compiler.emacs" value="true" />
    <property name="libs.javaee-web-api-6.0.src" value="" />
    <property name="libs.ejb3-persistence.src" value="" />
    <property name="libs.jsp-compilation-syscp.classpath" value="/home/franko/netbeans-7.3.1/java/ant/lib/ant.jar:/home/franko/netbeans-7.3.1/enterprise/modules/ext/servlet3.1-jsp2.3-api.jar:/home/franko/netbeans-7.3.1/enterprise/modules/ext/glassfish-jspparser-4.0.jar:/home/franko/netbeans-7.3.1/enterprise/modules/ext/standard.jar:/home/franko/netbeans-7.3.1/enterprise/modules/ext/jsf-2_2/javax.faces.jar" />
    <property name="java.endorsed.dirs" value="/usr/lib/jvm/java-8-oracle/jre/lib/endorsed" />
    <property name="netbeans.dynamic.classpath" value="/home/franko/netbeans-7.3.1/platform/core/core.jar:/home/franko/netbeans-7.3.1/platform/core/org-openide-filesystems.jar:/home/franko/netbeans-7.3.1/platform/core/locale/org-openide-filesystems_ja.jar:/home/franko/netbeans-7.3.1/platform/core/locale/org-openide-filesystems_zh_CN.jar:/home/franko/netbeans-7.3.1/platform/core/locale/core_ja.jar:/home/franko/netbeans-7.3.1/platform/core/locale/org-openide-filesystems_ru.jar:/home/franko/netbeans-7.3.1/platform/core/locale/core_ru.jar:/home/franko/netbeans-7.3.1/platform/core/locale/core_pt_BR.jar:/home/franko/netbeans-7.3.1/platform/core/locale/org-openide-filesystems_pt_BR.jar:/home/franko/netbeans-7.3.1/platform/core/locale/core_zh_CN.jar:/home/franko/netbeans-7.3.1/nb/core/org-netbeans-upgrader.jar:/home/franko/netbeans-7.3.1/nb/core/locale/core_nb.jar:/home/franko/netbeans-7.3.1/nb/core/locale/org-netbeans-upgrader_zh_CN.jar:/home/franko/netbeans-7.3.1/nb/core/locale/org-netbeans-upgrader_ru.jar:/home/franko/netbeans-7.3.1/nb/core/locale/org-netbeans-upgrader_pt_BR.jar:/home/franko/netbeans-7.3.1/nb/core/locale/org-netbeans-upgrader_ja.jar" />
    <property name="java.vm.specification.version" value="1.8" />
    <property name="libs.primefaces.classpath" value="/home/franko/netbeans-7.3.1/enterprise/modules/ext/primefaces/primefaces-3.5.jar" />
    <property name="libs.javaee-api-6.0.classpath" value="/home/franko/netbeans-7.3.1/enterprise/modules/ext/javaee-api-6.0.jar" />
    <property name="netbeans.productversion" value="NetBeans IDE 7.3.1 (Build 201306052037)" />
    <property name="libs.hibernate-persistence.classpath" value="/home/franko/netbeans-7.3.1/java/modules/ext/hibernate/antlr-2.7.6.jar:/home/franko/netbeans-7.3.1/java/modules/ext/hibernate/asm.jar:/home/franko/netbeans-7.3.1/java/modules/ext/hibernate/asm-attrs.jar:/home/franko/netbeans-7.3.1/java/modules/ext/hibernate/cglib-2.1.3.jar:/home/franko/netbeans-7.3.1/java/modules/ext/hibernate/commons-collections-2.1.1.jar:/home/franko/netbeans-7.3.1/ide/modules/org-apache-commons-logging.jar:/home/franko/netbeans-7.3.1/java/modules/ext/hibernate/dom4j-1.6.1.jar:/home/franko/netbeans-7.3.1/java/modules/ext/hibernate/ehcache-1.2.3.jar:/home/franko/netbeans-7.3.1/java/modules/ext/hibernate/jdbc2_0-stdext.jar:/home/franko/netbeans-7.3.1/java/modules/ext/hibernate/jta.jar:/home/franko/netbeans-7.3.1/java/modules/ext/hibernate/hibernate3.jar:/home/franko/netbeans-7.3.1/java/modules/ext/hibernate/hibernate-tools.jar:/home/franko/netbeans-7.3.1/java/modules/ext/hibernate/hibernate-annotations.jar:/home/franko/netbeans-7.3.1/java/modules/ext/hibernate/hibernate-commons-annotations.jar:/home/franko/netbeans-7.3.1/java/modules/ext/hibernate/hibernate-entitymanager.jar:/home/franko/netbeans-7.3.1/java/modules/ext/hibernate/javassist.jar:/home/franko/netbeans-7.3.1/java/modules/ext/hibernate/ejb3-persistence.jar" />
    <property name="libs.jaxws21.src" value="" />
    <property name="do.archive" value="true" />
    <property name="netbeans.autoupdate.language" value="en" />
    <property name="java.vendor" value="Oracle Corporation" />
    <property name="libs.javaee-api-6.0.javadoc" value="/home/franko/netbeans-7.3.1/enterprise/docs/javaee-doc-api.jar" />
    <property name="sun.font.fontmanager" value="sun.awt.X11FontManager" />
    <property name="jar.index.metainf" value="false" />
    <property name="ant.file.type.procesadorPalabras" value="file" />
    <property name="javac.debug" value="true" />
    <property name="javadoc.splitindex" value="true" />
    <property name="file.separator" value="/" />
    <property name="libs.junit_4.maven-pom" value="" />
    <property name="mkdist.disabled" value="false" />
    <property name="javac.test.processorpath" value=":build/classes:/home/franko/.netbeans/7.3.1/modules/ext/junit-4.10.jar" />
    <property name="netbeans.buildnumber" value="201306052037" />
    <property name="libs.JWSAntTasks.javadoc" value="" />
    <property name="build.generated.sources.dir" value="build/generated-sources" />
    <property name="libs.eclipselinkmodelgen.classpath" value="/home/franko/netbeans-7.3.1/java/modules/ext/eclipselink/org.eclipse.persistence.jpa.modelgen_2.5.0.v20130507-3faac2b.jar" />
    <property name="libs.javaee-endorsed-api-7.0.src" value="" />
    <property name="sun.java.launcher" value="SUN_STANDARD" />
    <property name="libs.junit.classpath" value="/home/franko/.netbeans/7.3.1/modules/ext/junit-3.8.2.jar" />
    <property name="libs.jaxb.javadoc" value="/home/franko/netbeans-7.3.1/ide/docs/jaxb-api-doc.zip" />
    <property name="libs.struts.classpath" value="/home/franko/netbeans-7.3.1/enterprise/modules/ext/struts/antlr-2.7.2.jar:/home/franko/netbeans-7.3.1/enterprise/modules/ext/struts/bsf-2.3.0.jar:/home/franko/netbeans-7.3.1/enterprise/modules/ext/struts/commons-beanutils-1.8.0.jar:/home/franko/netbeans-7.3.1/enterprise/modules/ext/struts/commons-chain-1.2.jar:/home/franko/netbeans-7.3.1/enterprise/modules/ext/struts/commons-digester-1.8.jar:/home/franko/netbeans-7.3.1/enterprise/modules/ext/struts/commons-fileupload-1.1.1.jar:/home/franko/netbeans-7.3.1/enterprise/modules/ext/struts/commons-io-1.1.jar:/home/franko/netbeans-7.3.1/enterprise/modules/ext/struts/commons-logging-1.0.4.jar:/home/franko/netbeans-7.3.1/enterprise/modules/ext/struts/commons-validator-1.3.1.jar:/home/franko/netbeans-7.3.1/enterprise/modules/ext/struts/jstl-1.0.2.jar:/home/franko/netbeans-7.3.1/enterprise/modules/ext/struts/oro-2.0.8.jar:/home/franko/netbeans-7.3.1/enterprise/modules/ext/struts/standard-1.0.6.jar:/home/franko/netbeans-7.3.1/enterprise/modules/ext/struts/struts-core-1.3.10.jar:/home/franko/netbeans-7.3.1/enterprise/modules/ext/struts/struts-el-1.3.10.jar:/home/franko/netbeans-7.3.1/enterprise/modules/ext/struts/struts-extras-1.3.10.jar:/home/franko/netbeans-7.3.1/enterprise/modules/ext/struts/struts-faces-1.3.10.jar:/home/franko/netbeans-7.3.1/enterprise/modules/ext/struts/struts-mailreader-dao-1.3.10.jar:/home/franko/netbeans-7.3.1/enterprise/modules/ext/struts/struts-scripting-1.3.10.jar:/home/franko/netbeans-7.3.1/enterprise/modules/ext/struts/struts-taglib-1.3.10.jar:/home/franko/netbeans-7.3.1/enterprise/modules/ext/struts/struts-tiles-1.3.10.jar" />
    <property name="ant.home" value="/home/franko/netbeans-7.3.1/java/ant" />
    <property name="libs.junit_4.src" value="/home/franko/.netbeans/7.3.1/docs/junit-4.10-sources.jar" />
    <property name="libs.testng.classpath" value="/home/franko/netbeans-7.3.1/platform/modules/ext/testng-6.5.1-dist.jar" />
    <property name="libs.absolutelayout.maven-pom" value="" />
    <property name="ant.java.version" value="1.7" />
    <property name="java.library.path" value="/usr/lib/jvm/java-7-oracle/jre/lib/amd64:/usr/lib/jvm/java-7-oracle/jre/lib/i386::/usr/java/packages/lib/amd64:/usr/lib64:/lib64:/lib:/usr/lib" />
    <property name="javadoc.author" value="false" />
    <property name="libs.metro.maven-pom" value="" />
    <property name="manifest.available+main.class-mkdist.available" value="true" />
    <property name="java.util.logging.config.class" value="org.netbeans.core.startup.TopLogging" />
    <property name="libs.PostgreSQLDriver.src" value="" />
    <property name="sun.arch.data.model" value="64" />
    <property name="basedir" value="/home/franko/NetBeansProjects/procesadorPalabras" />
    <property name="libs.jpa20-persistence.maven-pom" value="" />
    <property name="jar.compress" value="false" />
    <property name="libs.javaee-web-api-7.0.classpath" value="/home/franko/netbeans-7.3.1/enterprise/modules/ext/javaee-web-api-7.0.jar" />
    <property name="libs.jstl11.classpath" value="/home/franko/netbeans-7.3.1/enterprise/modules/ext/standard.jar:/home/franko/netbeans-7.3.1/enterprise/modules/ext/jstl.jar" />
    <property name="path.separator" value=":" />
    <property name="libs.javaee-web-api-6.0.javadoc" value="/home/franko/netbeans-7.3.1/enterprise/docs/javaee-doc-api.jar" />
    <property name="ant.junit.enabletestlistenerevents" value="true" />
    <property name="platform.javac" value="/usr/lib/jvm/java-8-oracle/bin/javac" />
    <property name="sun.io.unicode.encoding" value="UnicodeLittle" />
    <property name="libs.jaxws21.classpath" value="/home/franko/netbeans-7.3.1/ide/modules/ext/jaxb/jaxb-impl.jar:/home/franko/netbeans-7.3.1/ide/modules/ext/jaxb/jaxb-xjc.jar:/home/franko/netbeans-7.3.1/java/modules/ext/jaxws22/FastInfoset.jar:/home/franko/netbeans-7.3.1/java/modules/ext/jaxws22/gmbal-api-only.jar:/home/franko/netbeans-7.3.1/java/modules/ext/jaxws22/ha-api.jar:/home/franko/netbeans-7.3.1/java/modules/ext/jaxws22/javax.mail_1.4.jar:/home/franko/netbeans-7.3.1/java/modules/ext/jaxws22/jaxws-rt.jar:/home/franko/netbeans-7.3.1/java/modules/ext/jaxws22/jaxws-tools.jar:/home/franko/netbeans-7.3.1/java/modules/ext/jaxws22/management-api.jar:/home/franko/netbeans-7.3.1/java/modules/ext/jaxws22/mimepull.jar:/home/franko/netbeans-7.3.1/java/modules/ext/jaxws22/policy.jar:/home/franko/netbeans-7.3.1/java/modules/ext/jaxws22/saaj-impl.jar:/home/franko/netbeans-7.3.1/java/modules/ext/jaxws22/stax-ex.jar:/home/franko/netbeans-7.3.1/java/modules/ext/jaxws22/stax2-api.jar:/home/franko/netbeans-7.3.1/java/modules/ext/jaxws22/streambuffer.jar:/home/franko/netbeans-7.3.1/java/modules/ext/jaxws22/woodstox-core-asl.jar:/home/franko/netbeans-7.3.1/java/modules/ext/jaxws22/api/jaxws-api.jar:/home/franko/netbeans-7.3.1/java/modules/ext/jaxws22/api/jsr181-api.jar:/home/franko/netbeans-7.3.1/java/modules/ext/jaxws22/api/javax.annotation.jar:/home/franko/netbeans-7.3.1/java/modules/ext/jaxws22/api/saaj-api.jar:/home/franko/netbeans-7.3.1/ide/modules/ext/jaxb/activation.jar:/home/franko/netbeans-7.3.1/ide/modules/ext/jaxb/api/jaxb-api.jar:/home/franko/netbeans-7.3.1/ide/modules/ext/jaxb/api/jsr173_1.0_api.jar" />
    <property name="libs.struts.src" value="" />
    <property name="compile.on.save" value="true" />
    <property name="apple.awt.graphics.UseQuartz" value="true" />
    <property name="user.language" value="en" />
    <property name="testng.mode" value="testng" />
    <property name="libs.JAXB-ENDORSED.maven-pom" value="" />
    <property name="libs.spring-framework.classpath" value="/home/franko/netbeans-7.3.1/ide/modules/org-apache-commons-logging.jar:/home/franko/netbeans-7.3.1/java/modules/ext/cglib-2.2.jar:/home/franko/netbeans-7.3.1/java/modules/ext/spring/spring-2.5.6.SEC03.jar" />
    <property name="libs.eclipselink.maven-pom" value="" />
    <property name="test.binaryincludes" value="&lt;nothing&gt;" />
    <property name="manifest.available" value="true" />
    <property name="libs.primefaces.javadoc" value="" />
    <property name="libs.spring-framework300.maven-pom" value="" />
    <property name="run.test.classpath" value=":build/classes:/home/franko/.netbeans/7.3.1/modules/ext/junit-4.10.jar:build/test/classes" />
    <property name="ant.project.invoked-targets" value="test" />
    <property name="test.binaryexcludes" value="" />
    <property name="libs.swing-layout.javadoc" value="/home/franko/netbeans-7.3.1/platform/docs/swing-layout-1.0.4-doc.zip" />
    <property name="sun.java2d.dpiaware" value="true" />
    <property name="libs.ejb3-persistence.maven-pom" value="" />
    <property name="libs.PostgreSQLDriver.maven-pom" value="" />
    <property name="java.class.version" value="52.0" />
    <property name="libs.javaee-endorsed-api-6.0.src" value="" />
    <property name="libs.eclipselink.javadoc" value="" />
    <property name="platforms.JDK_1.8.compiler" value="modern" />
    <property name="libs.jsp-compilation.maven-pom" value="" />
    <property name="user.properties.file" value="/home/franko/.netbeans/7.3.1/build.properties" />
    <property name="runtime.encoding" value="UTF-8" />
    <property name="libs.spring-framework.src" value="" />
    <property name="libs.javac-api.maven-pom" value="" />
    <property name="file.encoding.pkg" value="sun.io" />
    <property name="sun.cpu.endian" value="little" />
    <property name="libs.JAXB-ENDORSED.javadoc" value="" />
    <property name="libs.JWSAntTasks.classpath" value="/home/franko/netbeans-7.3.1/java/ant/extra/org-netbeans-modules-javawebstart-anttasks.jar" />
    <property name="libs.spring-framework300.src" value="" />
    <property name="empty.dir" value="/home/franko/NetBeansProjects/procesadorPalabras/build/empty" />
    <property name="version-output" value="java version &quot;1.8.0_20&quot;&#xa;Java(TM) SE Runtime Environment (build 1.8.0_20-b26)&#xa;Java HotSpot(TM) 64-Bit Server VM (build 25.20-b23, mixed mode)" />
    <property name="test.binarytestincludes" value="" />
    <property name="javadoc.preview" value="true" />
    <property name="libs.jpa20-persistence.javadoc" value="" />
    <property name="java.home" value="/usr/lib/jvm/java-8-oracle/jre" />
    <property name="libs.jsp-compilation.src" value="" />
    <property name="libs.spring-webmvc.src" value="" />
    <property name="debug.test.classpath" value=":build/classes:/home/franko/.netbeans/7.3.1/modules/ext/junit-4.10.jar:build/test/classes" />
    <property name="libs.javaee-endorsed-api-6.0.classpath" value="/home/franko/netbeans-7.3.1/enterprise/modules/ext/javaee6-endorsed/javax.annotation.jar:/home/franko/netbeans-7.3.1/enterprise/modules/ext/javaee6-endorsed/jaxb-api-osgi.jar:/home/franko/netbeans-7.3.1/enterprise/modules/ext/javaee6-endorsed/webservices-api-osgi.jar" />
    <property name="libs.javaee-api-6.0.src" value="" />
    <property name="netbeans.importclass" value="org.netbeans.upgrade.AutoUpgrade" />
    <property name="ant.project.default-target" value="default" />
    <property name="annotation.processing.run.all.processors" value="true" />
    <property name="libs.PostgreSQLDriver.javadoc" value="" />
    <property name="libs.restlib.classpath" value="/home/franko/netbeans-7.3.1/enterprise/modules/ext/rest/asm-3.1.jar:/home/franko/netbeans-7.3.1/enterprise/modules/ext/rest/jackson-core-asl-1.9.2.jar:/home/franko/netbeans-7.3.1/enterprise/modules/ext/rest/jackson-jaxrs-1.9.2.jar:/home/franko/netbeans-7.3.1/enterprise/modules/ext/rest/jackson-mapper-asl-1.9.2.jar:/home/franko/netbeans-7.3.1/enterprise/modules/ext/rest/jackson-xc-1.9.2.jar:/home/franko/netbeans-7.3.1/enterprise/modules/ext/rest/jersey-apache-client-1.13.jar:/home/franko/netbeans-7.3.1/enterprise/modules/ext/rest/jersey-atom-abdera-1.13.jar:/home/franko/netbeans-7.3.1/enterprise/modules/ext/rest/jersey-client-1.13.jar:/home/franko/netbeans-7.3.1/enterprise/modules/ext/rest/jersey-core-1.13.jar:/home/franko/netbeans-7.3.1/enterprise/modules/ext/rest/jersey-guice-1.13.jar:/home/franko/netbeans-7.3.1/enterprise/modules/ext/rest/jersey-json-1.13.jar:/home/franko/netbeans-7.3.1/enterprise/modules/ext/rest/jersey-multipart-1.13.jar:/home/franko/netbeans-7.3.1/enterprise/modules/ext/rest/jersey-server-1.13.jar:/home/franko/netbeans-7.3.1/enterprise/modules/ext/rest/jersey-servlet-1.13.jar:/home/franko/netbeans-7.3.1/enterprise/modules/ext/rest/jersey-simple-server-1.13.jar:/home/franko/netbeans-7.3.1/enterprise/modules/ext/rest/jersey-spring-1.13.jar:/home/franko/netbeans-7.3.1/enterprise/modules/ext/rest/jettison-1.1.jar:/home/franko/netbeans-7.3.1/enterprise/modules/ext/rest/oauth-client-1.13.jar:/home/franko/netbeans-7.3.1/enterprise/modules/ext/rest/oauth-server-1.13.jar:/home/franko/netbeans-7.3.1/enterprise/modules/ext/rest/oauth-signature-1.13.jar:/home/franko/netbeans-7.3.1/ide/modules/ext/jaxb/activation.jar:/home/franko/netbeans-7.3.1/ide/modules/ext/jaxb/api/jaxb-api.jar:/home/franko/netbeans-7.3.1/ide/modules/ext/jaxb/api/jsr173_1.0_api.jar" />
    <property name="libs.MySQLDriver.maven-pom" value="" />
    <property name="libs.junit_4.javadoc" value="/home/franko/.netbeans/7.3.1/docs/junit-4.10-javadoc.jar" />
    <property name="platforms.JDK_1.8.bootclasspath" value="/usr/lib/jvm/java-8-oracle/jre/lib/resources.jar:/usr/lib/jvm/java-8-oracle/jre/lib/rt.jar:/usr/lib/jvm/java-8-oracle/jre/lib/sunrsasign.jar:/usr/lib/jvm/java-8-oracle/jre/lib/jsse.jar:/usr/lib/jvm/java-8-oracle/jre/lib/jce.jar:/usr/lib/jvm/java-8-oracle/jre/lib/charsets.jar:/usr/lib/jvm/java-8-oracle/jre/lib/jfr.jar:/usr/lib/jvm/java-8-oracle/jre/classes:/usr/lib/jvm/java-8-oracle/jre/lib/ext/zipfs.jar:/usr/lib/jvm/java-8-oracle/jre/lib/ext/sunpkcs11.jar:/usr/lib/jvm/java-8-oracle/jre/lib/ext/localedata.jar:/usr/lib/jvm/java-8-oracle/jre/lib/ext/sunec.jar:/usr/lib/jvm/java-8-oracle/jre/lib/ext/cldrdata.jar:/usr/lib/jvm/java-8-oracle/jre/lib/ext/nashorn.jar:/usr/lib/jvm/java-8-oracle/jre/lib/ext/sunjce_provider.jar:/usr/lib/jvm/java-8-oracle/jre/lib/ext/dnsns.jar:/usr/lib/jvm/java-8-oracle/jre/lib/ext/jfxrt.jar" />
    <property name="libs.spring-webmvc.javadoc" value="" />
    <property name="libs.javaee-web-api-6.0.maven-pom" value="" />
    <property name="run.classpath" value=":build/classes" />
    <property name="libs.hibernate-support.src" value="" />
    <property name="jna.boot.library.name" value="jnidispatch-340" />
    <property name="libs.javaee-endorsed-api-6.0.javadoc" value="/home/franko/netbeans-7.3.1/enterprise/docs/javaee-doc-api.jar" />
    <property name="libs.javaee-api-7.0.classpath" value="/home/franko/netbeans-7.3.1/enterprise/modules/ext/javaee-api-7.0.jar" />
    <property name="sun.awt.datatransfer.timeout" value="1000" />
    <property name="libs.spring-webmvc3.0.javadoc" value="" />
    <property name="annotation.processing.enabled.in.editor" value="false" />
    <property name="nb.native.filechooser" value="false" />
    <property name="libs.restapi.src" value="" />
    <property name="sun.management.compiler" value="HotSpot 64-Bit Tiered Compilers" />
    <property name="javac.deprecation" value="false" />
    <property name="javadoc.use" value="true" />
    <property name="sun.java2d.noddraw" value="true" />
    <property name="libs.jsp-compiler.classpath" value="/home/franko/netbeans-7.3.1/enterprise/ant/extra/jspcompile.jar" />
    <property name="javac.processorpath" value="" />
    <property name="libs.spring-webmvc.classpath" value="/home/franko/netbeans-7.3.1/enterprise/modules/ext/spring/spring-webmvc-2.5.6.SEC03.jar" />
    <property name="javac.compilerargs" value="" />
    <property name="ant.file" value="/home/franko/NetBeansProjects/procesadorPalabras/build.xml" />
    <property name="libs.beans-binding.maven-pom" value="" />
    <property name="libs.jsf12.classpath" value="/home/franko/netbeans-7.3.1/enterprise/modules/ext/jsf-1_2/commons-beanutils.jar:/home/franko/netbeans-7.3.1/enterprise/modules/ext/jsf-1_2/commons-collections.jar:/home/franko/netbeans-7.3.1/enterprise/modules/ext/jsf-1_2/commons-digester.jar:/home/franko/netbeans-7.3.1/enterprise/modules/ext/jsf-1_2/commons-logging.jar:/home/franko/netbeans-7.3.1/enterprise/modules/ext/jsf-1_2/jsf-api.jar:/home/franko/netbeans-7.3.1/enterprise/modules/ext/jsf-1_2/jsf-impl.jar" />
    <property name="libs.restapi.maven-pom" value="" />
    <property name="libs.beans-binding.src" value="" />
    <property name="java.vm.specification.vendor" value="Oracle Corporation" />
    <property name="libs.swing-layout.src" value="/home/franko/netbeans-7.3.1/platform/docs/swing-layout-1.0.4-src.zip" />
    <property name="org.openide.major.version" value="IDE/1" />
    <property name="java.vm.name" value="Java HotSpot(TM) 64-Bit Server VM" />
    <property name="netbeans.user" value="/home/franko/.netbeans/7.3.1" />
    <property name="javadoc.additionalparam" value="" />
    <property name="java.io.tmpdir" value="/tmp" />
    <property name="java.vendor.url" value="http://java.oracle.com/" />
    <property name="endorsed.classpath.cmd.line.arg" value="-Xbootclasspath/p:&apos;/home/franko/NetBeansProjects/procesadorPalabras/${endorsed.classpath}&apos;" />
    <property name="junit.available" value="true" />
    <property name="libs.jsp-compiler.src" value="" />
    <property name="sun.boot.library.path" value="/usr/lib/jvm/java-8-oracle/jre/lib/amd64" />
    <property name="have.sources" value="true" />
    <property name="debug.classpath" value=":build/classes" />
    <property name="javadoc.private" value="false" />
    <property name="test.src.dir" value="test" />
    <property name="libs.jsf20.classpath" value="/home/franko/netbeans-7.3.1/enterprise/modules/ext/jsf-2_2/javax.faces.jar" />
    <property name="ap.processors.internal" value="" />
    <property name="meta.inf.dir" value="src/META-INF" />
    <property name="javadoc.encoding.used" value="UTF-8" />
    <property name="dist.jar" value="dist/procesadorPalabras.jar" />
    <property name="java.runtime.name" value="Java(TM) SE Runtime Environment" />
    <property name="ant.project.name" value="procesadorPalabras" />
    <property name="netbeans.hash.code" value="unique=NB_CND_JAVA_PHP_WEBCOMMON_WEBEE06710e51a-c4c2-4d3f-9e16-8808ffbfa18e_eb4336fa-674e-4604-b326-6346160a86a8" />
    <property name="netbeans.default_userdir_root" value="/home/franko/.netbeans" />
    <property name="libs.jsp-compilation-syscp.maven-pom" value="" />
    <property name="platform.javadoc" value="/usr/lib/jvm/java-8-oracle/bin/javadoc" />
    <property name="platform.javadoc.tmp" value="${platforms.JDK_1.8.javadoc}" />
    <property name="manifest.available-mkdist.available" value="true" />
    <property name="sun.cpu.isalist" value="" />
    <property name="libs.CopyLibs.javadoc" value="" />
    <property name="platform.compiler" value="${platforms.JDK_1.8.compile}" />
    <property name="org.openide.specification.version" value="6.2" />
    <property name="libs.hibernate-support.classpath" value="/home/franko/netbeans-7.3.1/java/modules/ext/hibernate/antlr-2.7.6.jar:/home/franko/netbeans-7.3.1/java/modules/ext/hibernate/asm.jar:/home/franko/netbeans-7.3.1/java/modules/ext/hibernate/asm-attrs.jar:/home/franko/netbeans-7.3.1/java/modules/ext/hibernate/cglib-2.1.3.jar:/home/franko/netbeans-7.3.1/java/modules/ext/hibernate/commons-collections-2.1.1.jar:/home/franko/netbeans-7.3.1/ide/modules/org-apache-commons-logging.jar:/home/franko/netbeans-7.3.1/java/modules/ext/hibernate/dom4j-1.6.1.jar:/home/franko/netbeans-7.3.1/java/modules/ext/hibernate/ehcache-1.2.3.jar:/home/franko/netbeans-7.3.1/java/modules/ext/hibernate/jdbc2_0-stdext.jar:/home/franko/netbeans-7.3.1/java/modules/ext/hibernate/jta.jar:/home/franko/netbeans-7.3.1/java/modules/ext/hibernate/hibernate3.jar:/home/franko/netbeans-7.3.1/java/modules/ext/hibernate/hibernate-tools.jar:/home/franko/netbeans-7.3.1/java/modules/ext/hibernate/hibernate-annotations.jar:/home/franko/netbeans-7.3.1/java/modules/ext/hibernate/hibernate-commons-annotations.jar:/home/franko/netbeans-7.3.1/java/modules/ext/hibernate/hibernate-entitymanager.jar:/home/franko/netbeans-7.3.1/java/modules/ext/hibernate/javassist.jar" />
    <property name="user.home" value="/home/franko" />
    <property name="annotation.processing.processors.list" value="" />
    <property name="libs.primefaces.maven-pom" value="" />
    <property name="debug-args-line" value="-Xdebug" />
    <property name="libs.javaee-api-6.0.maven-pom" value="" />
    <property name="platform.javac.tmp" value="${platforms.JDK_1.8.javac}" />
    <property name="libs.JWSAntTasks.src" value="" />
    <property name="jar.index" value="false" />
    <property name="libs.CopyLibs.maven-pom" value="" />
    <property name="libs.spring-framework300.javadoc" value="" />
    <property name="libs.hibernate-persistence.maven-pom" value="" />
    <property name="libs.absolutelayout.javadoc" value="" />
    <property name="java.specification.name" value="Java Platform API Specification" />
    <property name="java.specification.vendor" value="Oracle Corporation" />
    <property name="libs.javac-api.classpath" value="/home/franko/netbeans-7.3.1/java/modules/ext/nb-javac-api.jar" />
    <property name="java.version" value="1.8.0_20" />
    <property name="run.jvmargs.ide" value="" />
    <property name="javadoc.version" value="false" />
    <property name="libs.MySQLDriver.javadoc" value="" />
    <property name="org.openide.version" value="deprecated" />
    <property name="platform.java" value="/usr/lib/jvm/java-8-oracle/bin/java" />
    <property name="source.encoding" value="UTF-8" />
    <property name="ap.cmd.line.internal" value="" />
    <property name="libs.eclipselinkmodelgen.maven-pom" value="" />
    <property name="libs.jsp-compilation-syscp.javadoc" value="" />
    <property name="libs.junit.maven-pom" value="" />
    <property name="libs.eclipselinkmodelgen.javadoc" value="" />
    <property name="libs.javaee-endorsed-api-7.0.classpath" value="/home/franko/netbeans-7.3.1/enterprise/modules/ext/javaee7-endorsed/javax.annotation-api.jar:/home/franko/netbeans-7.3.1/enterprise/modules/ext/javaee7-endorsed/javax.xml.soap-api.jar:/home/franko/netbeans-7.3.1/enterprise/modules/ext/javaee7-endorsed/jaxb-api-osgi.jar:/home/franko/netbeans-7.3.1/enterprise/modules/ext/javaee7-endorsed/jaxws-api.jar:/home/franko/netbeans-7.3.1/enterprise/modules/ext/javaee7-endorsed/jsr181-api.jar" />
    <property name="libs.metro.javadoc" value="/home/franko/netbeans-7.3.1/enterprise/docs/metro-1.4-doc.zip" />
    <property name="libs.struts.maven-pom" value="" />
    <property name="netbeans.home+have.tests" value="true" />
    <property name="annotation.processing.processor.options" value="" />
    <property name="libs.testng.maven-pom" value="" />
    <property name="libs.jaxb.src" value="" />
    <property name="work.dir" value="/home/franko/NetBeansProjects/procesadorPalabras" />
    <property name="libs.jaxb.classpath" value="/home/franko/netbeans-7.3.1/ide/modules/ext/jaxb/jaxb-impl.jar:/home/franko/netbeans-7.3.1/ide/modules/ext/jaxb/jaxb-xjc.jar:/home/franko/netbeans-7.3.1/ide/modules/ext/jaxb/jaxb1-impl.jar:/home/franko/netbeans-7.3.1/ide/modules/ext/jaxb/activation.jar:/home/franko/netbeans-7.3.1/ide/modules/ext/jaxb/api/jaxb-api.jar:/home/franko/netbeans-7.3.1/ide/modules/ext/jaxb/api/jsr173_1.0_api.jar" />
    <property name="php.global.include.path" value="" />
    <property name="do.depend" value="false" />
    <property name="dist.javadoc.dir" value="dist/javadoc" />
    <property name="libs.swing-layout.classpath" value="/home/franko/netbeans-7.3.1/platform/modules/ext/swing-layout-1.0.4.jar" />
    <property name="libs.spring-webmvc3.0.classpath" value="/home/franko/netbeans-7.3.1/java/modules/ext/spring-3.0/spring-webmvc-3.1.1.RELEASE.jar" />
    <property name="libs.javaee-web-api-7.0.maven-pom" value="" />
    <property name="libs.restlib.src" value="" />
    <property name="build.generated.dir" value="build/generated" />
    <property name="javac.source" value="1.8" />
    <property name="libs.hibernate-persistence.src" value="" />
    <property name="line.separator" value="&#xa;" />
    <property name="java.specification.version" value="1.8" />
    <property name="libs.jaxws21.maven-pom" value="" />
    <property name="java.vm.info" value="mixed mode" />
    <property name="nb.junit.batch" value="true" />
    <property name="junit.forkmode" value="perTest" />
    <property name="platform.java.tmp" value="${platforms.JDK_1.8.java}" />
    <property name="libs.spring-framework.maven-pom" value="" />
    <property name="sun.boot.class.path" value="/home/franko/NetBeansProjects/procesadorPalabras/${endorsed.classpath}:/usr/lib/jvm/java-8-oracle/jre/lib/resources.jar:/usr/lib/jvm/java-8-oracle/jre/lib/rt.jar:/usr/lib/jvm/java-8-oracle/jre/lib/sunrsasign.jar:/usr/lib/jvm/java-8-oracle/jre/lib/jsse.jar:/usr/lib/jvm/java-8-oracle/jre/lib/jce.jar:/usr/lib/jvm/java-8-oracle/jre/lib/charsets.jar:/usr/lib/jvm/java-8-oracle/jre/lib/jfr.jar:/usr/lib/jvm/java-8-oracle/jre/classes" />
    <property name="javac.target" value="1.8" />
    <property name="built-jar.properties" value="/home/franko/NetBeansProjects/procesadorPalabras/build/built-jar.properties" />
    <property name="ant.file.procesadorPalabras-impl" value="/home/franko/NetBeansProjects/procesadorPalabras/nbproject/build-impl.xml" />
    <property name="build.test.classes.dir" value="build/test/classes" />
    <property name="src.dir" value="src" />
    <property name="annotation.processing.enabled" value="true" />
    <property name="libs.jsf20.src" value="" />
    <property name="libs.jpa20-persistence.src" value="" />
    <property name="libs.jsf12.src" value="" />
    <property name="libs.struts.javadoc" value="/home/franko/netbeans-7.3.1/enterprise/docs/struts-1.3.10-javadoc.zip" />
    <property name="ignore.failing.tests" value="true" />
    <property name="libs.javaee-web-api-7.0.src" value="" />
    <property name="libs.primefaces.src" value="" />
    <property name="dist.dir" value="dist" />
    <property name="testng.debug.mode" value="" />
    <property name="java.awt.printerjob" value="sun.print.PSPrinterJob" />
    <property name="default.javac.source" value="1.7" />
    <property name="platforms.JDK_1.7.compiler" value="modern" />
    <property name="debug-transport-by-os" value="dt_socket" />
    <property name="sun.jnu.encoding" value="UTF-8" />
    <property name="libs.MySQLDriver.src" value="" />
    <property name="platforms.JDK_1.7.bootclasspath" value="/usr/lib/jvm/java-7-oracle/jre/lib/resources.jar:/usr/lib/jvm/java-7-oracle/jre/lib/rt.jar:/usr/lib/jvm/java-7-oracle/jre/lib/sunrsasign.jar:/usr/lib/jvm/java-7-oracle/jre/lib/jsse.jar:/usr/lib/jvm/java-7-oracle/jre/lib/jce.jar:/usr/lib/jvm/java-7-oracle/jre/lib/charsets.jar:/usr/lib/jvm/java-7-oracle/jre/lib/jfr.jar:/usr/lib/jvm/java-7-oracle/jre/classes:/usr/lib/jvm/java-7-oracle/jre/lib/ext/zipfs.jar:/usr/lib/jvm/java-7-oracle/jre/lib/ext/sunpkcs11.jar:/usr/lib/jvm/java-7-oracle/jre/lib/ext/localedata.jar:/usr/lib/jvm/java-7-oracle/jre/lib/ext/sunec.jar:/usr/lib/jvm/java-7-oracle/jre/lib/ext/sunjce_provider.jar:/usr/lib/jvm/java-7-oracle/jre/lib/ext/dnsns.jar" />
    <property name="build.test.results.dir" value="build/test/results" />
    <property name="java.runtime.version" value="1.8.0_20-b26" />
    <property name="libs.ejb3-persistence.javadoc" value="" />
    <property name="jna.platform.library.path" value="/usr/lib/x86_64-linux-gnu:/lib/x86_64-linux-gnu:/usr/lib64:/lib64:/usr/lib:/lib" />
    <property name="default.javac.target" value="1.7" />
    <property name="libs.junit_4.classpath" value="/home/franko/.netbeans/7.3.1/modules/ext/junit-4.10.jar" />
    <property name="user.timezone" value="America/La_Paz" />
    <property name="nb.junit.single" value="false" />
    <property name="libs.javaee-endorsed-api-6.0.maven-pom" value="" />
    <property name="netbeans.dirs" value="/home/franko/netbeans-7.3.1/nb:/home/franko/netbeans-7.3.1/ergonomics:/home/franko/netbeans-7.3.1/ide:/home/franko/netbeans-7.3.1/java:/home/franko/netbeans-7.3.1/apisupport:/home/franko/netbeans-7.3.1/webcommon:/home/franko/netbeans-7.3.1/websvccommon:/home/franko/netbeans-7.3.1/enterprise:/home/franko/netbeans-7.3.1/mobility:/home/franko/netbeans-7.3.1/profiler:/home/franko/netbeans-7.3.1/python:/home/franko/netbeans-7.3.1/php:/home/franko/netbeans-7.3.1/identity:/home/franko/netbeans-7.3.1/harness:/home/franko/netbeans-7.3.1/cnd:/home/franko/netbeans-7.3.1/dlight:/home/franko/netbeans-7.3.1/groovy:/home/franko/netbeans-7.3.1/extra:/home/franko/netbeans-7.3.1/javacard:/home/franko/netbeans-7.3.1/javafx:" />
    <property name="libs.jsf20.javadoc" value="/home/franko/netbeans-7.3.1/enterprise/docs/javaee-doc-api.jar" />
    <property name="java.ext.dirs" value="/usr/lib/jvm/java-8-oracle/jre/lib/ext:/usr/java/packages/lib/ext" />
    <property name="libs.metro.src" value="" />
    <property name="libs.absolutelayout.classpath" value="/home/franko/netbeans-7.3.1/java/modules/ext/AbsoluteLayout.jar" />
    <property name="excludes" value="" />
    <property name="libs.restlib.maven-pom" value="" />
    <property name="libs.metro.classpath" value="/home/franko/netbeans-7.3.1/ide/modules/ext/jaxb/activation.jar:/home/franko/netbeans-7.3.1/enterprise/modules/ext/metro/webservices-api.jar:/home/franko/netbeans-7.3.1/enterprise/modules/ext/metro/webservices-extra-api.jar:/home/franko/netbeans-7.3.1/enterprise/modules/ext/metro/webservices-extra.jar:/home/franko/netbeans-7.3.1/enterprise/modules/ext/metro/webservices-rt.jar:/home/franko/netbeans-7.3.1/enterprise/modules/ext/metro/webservices-tools.jar" />
    <property name="java.class.path" value="/home/franko/NetBeansProjects/procesadorPalabras/build/classes:/home/franko/.netbeans/7.3.1/modules/ext/junit-4.10.jar:/home/franko/NetBeansProjects/procesadorPalabras/build/test/classes:/home/franko/netbeans-7.3.1/java/ant/lib/ant-launcher.jar:/home/franko/netbeans-7.3.1/java/ant/lib/ant.jar:/home/franko/netbeans-7.3.1/java/ant/lib/ant-junit.jar:/home/franko/netbeans-7.3.1/java/ant/lib/ant-junit4.jar" />
    <property name="apple.laf.useScreenMenuBar" value="true" />
    <property name="do.mkdist" value="true" />
    <property name="libs.absolutelayout.src" value="" />
    <property name="ant.file.type.procesadorPalabras-impl" value="file" />
    <property name="libs.jpa20-persistence.classpath" value="/home/franko/netbeans-7.3.1/java/modules/ext/eclipselink/javax.persistence_2.1.0.v201304241213.jar" />
    <property name="os.version" value="3.2.0-4-amd64" />
    <property name="application.args" value="" />
    <property name="libs.javaee-api-7.0.maven-pom" value="" />
    <property name="sun.awt.enableExtraMouseButtons" value="true" />
    <property name="sun.desktop" value="gnome" />
    <property name="libs.restlib.javadoc" value="/home/franko/netbeans-7.3.1/enterprise/docs/jersey-1.13-javadoc.zip:/home/franko/netbeans-7.3.1/enterprise/docs/jersey-apache-client-1.13-javadoc.zip:/home/franko/netbeans-7.3.1/enterprise/docs/jersey-atom-abdera-1.13-javadoc.zip:/home/franko/netbeans-7.3.1/enterprise/docs/jersey-guice-1.13-javadoc.zip:/home/franko/netbeans-7.3.1/enterprise/docs/jersey-multipart-1.13-javadoc.zip:/home/franko/netbeans-7.3.1/enterprise/docs/jersey-simple-server-1.13-javadoc.zip:/home/franko/netbeans-7.3.1/enterprise/docs/jersey-spring-1.13-javadoc.zip:/home/franko/netbeans-7.3.1/enterprise/docs/oauth-client-1.13-javadoc.zip:/home/franko/netbeans-7.3.1/enterprise/docs/oauth-server-1.13-javadoc.zip:/home/franko/netbeans-7.3.1/enterprise/docs/oauth-signature-1.13-javadoc.zip" />
    <property name="libs.JAXB-ENDORSED.classpath" value="/home/franko/netbeans-7.3.1/ide/modules/ext/jaxb/api/jaxb-api.jar" />
    <property name="libs.javaee-api-7.0.javadoc" value="/home/franko/netbeans-7.3.1/enterprise/docs/javaee-doc-api.jar" />
    <property name="libs.eclipselink.classpath" value="/home/franko/netbeans-7.3.1/java/modules/ext/eclipselink/eclipselink.jar:/home/franko/netbeans-7.3.1/java/modules/ext/eclipselink/javax.persistence_2.1.0.v201304241213.jar:/home/franko/netbeans-7.3.1/java/modules/ext/eclipselink/org.eclipse.persistence.jpa.jpql_2.5.0.v20130507-3faac2b.jar" />
    <property name="libs.beans-binding.javadoc" value="/home/franko/netbeans-7.3.1/java/docs/beansbinding-1.2.1-doc.zip" />
    <property name="java.awt.graphicsenv" value="sun.awt.X11GraphicsEnvironment" />
    <property name="java.vm.vendor" value="Oracle Corporation" />
    <property name="libs.CopyLibs.classpath" value="/home/franko/netbeans-7.3.1/java/ant/extra/org-netbeans-modules-java-j2seproject-copylibstask.jar" />
    <property name="libs.spring-framework300.classpath" value="/home/franko/netbeans-7.3.1/ide/modules/org-apache-commons-logging.jar:/home/franko/netbeans-7.3.1/java/modules/ext/cglib-2.2.jar:/home/franko/netbeans-7.3.1/java/modules/ext/spring-3.0/spring-aop-3.1.1.RELEASE.jar:/home/franko/netbeans-7.3.1/java/modules/ext/spring-3.0/spring-asm-3.1.1.RELEASE.jar:/home/franko/netbeans-7.3.1/java/modules/ext/spring-3.0/spring-aspects-3.1.1.RELEASE.jar:/home/franko/netbeans-7.3.1/java/modules/ext/spring-3.0/spring-beans-3.1.1.RELEASE.jar:/home/franko/netbeans-7.3.1/java/modules/ext/spring-3.0/spring-context-3.1.1.RELEASE.jar:/home/franko/netbeans-7.3.1/java/modules/ext/spring-3.0/spring-context-support-3.1.1.RELEASE.jar:/home/franko/netbeans-7.3.1/java/modules/ext/spring-3.0/spring-core-3.1.1.RELEASE.jar:/home/franko/netbeans-7.3.1/java/modules/ext/spring-3.0/spring-expression-3.1.1.RELEASE.jar:/home/franko/netbeans-7.3.1/java/modules/ext/spring-3.0/spring-instrument-3.1.1.RELEASE.jar:/home/franko/netbeans-7.3.1/java/modules/ext/spring-3.0/spring-instrument-tomcat-3.1.1.RELEASE.jar:/home/franko/netbeans-7.3.1/java/modules/ext/spring-3.0/spring-jdbc-3.1.1.RELEASE.jar:/home/franko/netbeans-7.3.1/java/modules/ext/spring-3.0/spring-jms-3.1.1.RELEASE.jar:/home/franko/netbeans-7.3.1/java/modules/ext/spring-3.0/spring-orm-3.1.1.RELEASE.jar:/home/franko/netbeans-7.3.1/java/modules/ext/spring-3.0/spring-oxm-3.1.1.RELEASE.jar:/home/franko/netbeans-7.3.1/java/modules/ext/spring-3.0/spring-test-3.1.1.RELEASE.jar:/home/franko/netbeans-7.3.1/java/modules/ext/spring-3.0/spring-tx-3.1.1.RELEASE.jar:/home/franko/netbeans-7.3.1/java/modules/ext/spring-3.0/spring-web-3.1.1.RELEASE.jar:/home/franko/netbeans-7.3.1/java/modules/ext/spring-3.0/spring-webmvc-portlet-3.1.1.RELEASE.jar:/home/franko/netbeans-7.3.1/java/modules/ext/spring-3.0/spring-webmvc-3.1.1.RELEASE.jar:/home/franko/netbeans-7.3.1/java/modules/ext/spring-3.0/spring-struts-3.1.1.RELEASE.jar" />
    <property name="libs.jsp-compiler.maven-pom" value="" />
    <property name="libs.spring-webmvc.maven-pom" value="" />
    <property name="run.jvmargs" value="" />
    <property name="libs.ejb3-persistence.classpath" value="/home/franko/netbeans-7.3.1/java/modules/ext/hibernate/ejb3-persistence.jar" />
    <property name="libs.JAXB-ENDORSED.src" value="" />
    <property name="libs.spring-framework.javadoc" value="" />
    <property name="libs.testng.javadoc" value="/home/franko/netbeans-7.3.1/platform/docs/testng-6.5.1-javadoc.zip" />
    <property name="platforms.JDK_1.8.home" value="/usr/lib/jvm/java-8-oracle" />
    <property name="libs.PostgreSQLDriver.classpath" value="/home/franko/netbeans-7.3.1/ide/modules/ext/postgresql-9.2-1002.jdbc4.jar" />
    <property name="libs.jsf12.maven-pom" value="" />
    <property name="libs.junit.src" value="" />
    <property name="annotation.processing.source.output" value="build/generated-sources/ap-source-output" />
    <property name="main.class" value="" />
    <property name="libs.CopyLibs.src" value="" />
    <property name="build.dir" value="build" />
    <property name="libs.jsp-compilation.classpath" value="/home/franko/netbeans-7.3.1/java/ant/lib/ant.jar:/home/franko/netbeans-7.3.1/enterprise/modules/ext/servlet3.1-jsp2.3-api.jar:/home/franko/netbeans-7.3.1/enterprise/modules/ext/glassfish-jspparser-4.0.jar:/home/franko/netbeans-7.3.1/enterprise/modules/ext/jsf-2_2/javax.faces.jar:/home/franko/netbeans-7.3.1/enterprise/modules/ext/jstl.jar:/home/franko/netbeans-7.3.1/java/ant/lib/ant-launcher.jar" />
    <property name="ant.version" value="Apache Ant(TM) version 1.8.4 compiled on May 22 2012" />
    <property name="file.encoding" value="UTF-8" />
    <property name="build.classes.excludes" value="**/*.java,**/*.form" />
    <property name="javadoc.nonavbar" value="false" />
    <property name="platform.active" value="JDK_1.8" />
    <property name="awt.toolkit" value="sun.awt.X11.XToolkit" />
    <property name="libs.javaee-web-api-7.0.javadoc" value="/home/franko/netbeans-7.3.1/enterprise/docs/javaee-doc-api.jar" />
  </properties>
  <testcase classname="PalabrasMasUsadasTest" name="agregarPalabraDosVecesListaMantenerSize" time="0.002" />
  <testcase classname="PalabrasMasUsadasTest" name="agregarPalabraDosVeces" time="0.0" />
  <testcase classname="PalabrasMasUsadasTest" name="obtenerPalabraDeTextoVacio" time="0.0" />
  <testcase classname="PalabrasMasUsadasTest" name="obtenerPalabraDeTextoNoVacio" time="0.001" />
  <testcase classname="PalabrasMasUsadasTest" name="tresVecesPalabraDeTextoNoVacio" time="0.001" />
  <testcase classname="PalabrasMasUsadasTest" name="discrinandoPuntuacion" time="0.0" />
  <testcase classname="PalabrasMasUsadasTest" name="discrinandoPuntuacionDos" time="0.001" />
  <testcase classname="PalabrasMasUsadasTest" name="discrinandoArticulos" time="0.0" />
  <testcase classname="PalabrasMasUsadasTest" name="nNegativoPalabrasMasUsadas" time="0.001" />
  <testcase classname="PalabrasMasUsadasTest" name="nPalabrasMasUsadasListaVacia" time="0.0" />
  <testcase classname="PalabrasMasUsadasTest" name="dosPalabrasMasUsadas" time="0.001" />
  <testcase classname="PalabrasMasUsadasTest" name="tresPalabrasMasUsadas" time="0.0" />
  <testcase classname="PalabrasMasUsadasTest" name="noAgregarPalabraVacia" time="0.0" />
  <testcase classname="PalabrasMasUsadasTest" name="palabraNoExisteConListaVacia" time="0.0" />
  <testcase classname="PalabrasMasUsadasTest" name="palabraNoExisteConListaNoVacia" time="0.0" />
  <testcase classname="PalabrasMasUsadasTest" name="palabraExisteConListaNoVacia" time="0.0" />
  <testcase classname="PalabrasMasUsadasTest" name="incrementarIndicePalabraNoExiste" time="0.0" />
  <testcase classname="PalabrasMasUsadasTest" name="incrementarIndicePalabraExiste" time="0.001" />
  <testcase classname="PalabrasMasUsadasTest" name="agregarPalabra" time="0.0" />
  <system-out><![CDATA[]]></system-out>
  <system-err><![CDATA[]]></system-err>
</testsuite>
